<?xml version="1.0" encoding="utf-8"?><testsuites><testsuite name="pytest" errors="0" failures="0" skipped="0" tests="4" time="40.597" timestamp="2024-10-10T17:14:13.406077+02:00" hostname="MegantonPC"><testcase classname="tests.metafeature_test.TestMetafeatureAnalysis" name="test_metafeature_analysis" time="34.924" /><testcase classname="tests.sanity_test.TestSanityChecks" name="test_benchmark" time="0.088" /><testcase classname="tests.sanity_test.TestSanityChecks" name="test_budget" time="1.425" /><testcase classname="tests.sanity_test.TestSanityChecks" name="test_random_seed" time="0.821" /></testsuite></testsuites>
